Using pre-set license
Built from '2020.3/staging' branch; Version is '2020.3.17f1 (a4537701e4ab) revision 10769271'; Using compiler version '192528614'; Build Type 'Release'
OS: 'Windows 10 Home; OS build 19044.1526; Version 2009; 64bit' Language: 'es' Physical Memory: 16061 MB
BatchMode: 1, IsHumanControllingUs: 0, StartBugReporterOnCrash: 0, Is64bit: 1, IsPro: 0

COMMAND LINE ARGUMENTS:
C:\Program Files\Unity\Hub\Editor\2020.3.17f1\Editor\Unity.exe
-adb2
-batchMode
-noUpm
-name
AssetImportWorker0
-projectPath
C:/Users/migue/Documents/ProyectoDeVi/proyecto desarrollo videojuegos
-logFile
Logs/AssetImportWorker0.log
-srvPort
<<<<<<< Updated upstream:proyecto desarrollo videojuegos/Logs/AssetImportWorker0.log
52399
Successfully changed project path to: C:/Users/david.barrenechea/Desktop/ProyectoDeVi/proyecto desarrollo videojuegos
C:/Users/david.barrenechea/Desktop/ProyectoDeVi/proyecto desarrollo videojuegos
Using Asset Import Pipeline V2.
Refreshing native plugins compatible for Editor in 25.24 ms, found 2 plugins.
=======
63951
Successfully changed project path to: C:/Users/migue/Documents/ProyectoDeVi/proyecto desarrollo videojuegos
C:/Users/migue/Documents/ProyectoDeVi/proyecto desarrollo videojuegos
Using Asset Import Pipeline V2.
Refreshing native plugins compatible for Editor in 21.50 ms, found 2 plugins.
>>>>>>> Stashed changes:proyecto desarrollo videojuegos/Logs/AssetImportWorker0-prev.log
Preloading 0 native plugins for Editor in 0.00 ms.
Initialize engine version: 2020.3.17f1 (a4537701e4ab)
[Subsystems] Discovering subsystems at path C:/Program Files/Unity/Hub/Editor/2020.3.17f1/Editor/Data/Resources/UnitySubsystems
[Subsystems] Discovering subsystems at path C:/Users/migue/Documents/ProyectoDeVi/proyecto desarrollo videojuegos/Assets
GfxDevice: creating device client; threaded=0
Direct3D:
    Version:  Direct3D 11.0 [level 11.1]
    Renderer: NVIDIA GeForce RTX 3060 Laptop GPU (ID=0x2520)
    Vendor:   
    VRAM:     6023 MB
    Driver:   30.0.15.1215
Initialize mono
<<<<<<< Updated upstream:proyecto desarrollo videojuegos/Logs/AssetImportWorker0.log
Mono path[0] = 'C:/Program Files/Unity/Editor/Data/Managed'
Mono path[1] = 'C:/Program Files/Unity/Editor/Data/MonoBleedingEdge/lib/mono/unityjit'
Mono config path = 'C:/Program Files/Unity/Editor/Data/MonoBleedingEdge/etc'
Using monoOptions --debugger-agent=transport=dt_socket,embedding=1,server=y,suspend=n,address=127.0.0.1:56980
Begin MonoManager ReloadAssembly
Registering precompiled unity dll's ...
Register platform support module: C:/Program Files/Unity/Editor/Data/PlaybackEngines/WindowsStandaloneSupport/UnityEditor.WindowsStandalone.Extensions.dll
Registered in 0.001404 seconds.
Native extension for WindowsStandalone target not found
Refreshing native plugins compatible for Editor in 24.32 ms, found 2 plugins.
Preloading 0 native plugins for Editor in 0.00 ms.
Mono: successfully reloaded assembly
- Completed reload, in  0.764 seconds
Domain Reload Profiling:
	ReloadAssembly (764ms)
		BeginReloadAssembly (41ms)
=======
Mono path[0] = 'C:/Program Files/Unity/Hub/Editor/2020.3.17f1/Editor/Data/Managed'
Mono path[1] = 'C:/Program Files/Unity/Hub/Editor/2020.3.17f1/Editor/Data/MonoBleedingEdge/lib/mono/unityjit'
Mono config path = 'C:/Program Files/Unity/Hub/Editor/2020.3.17f1/Editor/Data/MonoBleedingEdge/etc'
Using monoOptions --debugger-agent=transport=dt_socket,embedding=1,server=y,suspend=n,address=127.0.0.1:56512
Begin MonoManager ReloadAssembly
Registering precompiled unity dll's ...
Register platform support module: C:/Program Files/Unity/Hub/Editor/2020.3.17f1/Editor/Data/PlaybackEngines/WindowsStandaloneSupport/UnityEditor.WindowsStandalone.Extensions.dll
Registered in 0.001439 seconds.
Native extension for WindowsStandalone target not found
Refreshing native plugins compatible for Editor in 22.03 ms, found 2 plugins.
Preloading 0 native plugins for Editor in 0.00 ms.
Mono: successfully reloaded assembly
- Completed reload, in  0.666 seconds
Domain Reload Profiling:
	ReloadAssembly (666ms)
		BeginReloadAssembly (33ms)
>>>>>>> Stashed changes:proyecto desarrollo videojuegos/Logs/AssetImportWorker0-prev.log
			ExecutionOrderSort (0ms)
			DisableScriptedObjects (0ms)
			BackupInstance (0ms)
			ReleaseScriptingObjects (0ms)
			CreateAndSetChildDomain (1ms)
<<<<<<< Updated upstream:proyecto desarrollo videojuegos/Logs/AssetImportWorker0.log
		EndReloadAssembly (318ms)
			LoadAssemblies (39ms)
			RebuildTransferFunctionScriptingTraits (0ms)
			SetupTypeCache (118ms)
			ReleaseScriptCaches (0ms)
			RebuildScriptCaches (25ms)
			SetupLoadedEditorAssemblies (121ms)
				LogAssemblyErrors (0ms)
				InitializePlatformSupportModulesInManaged (3ms)
				SetLoadedEditorAssemblies (0ms)
				RefreshPlugins (24ms)
				BeforeProcessingInitializeOnLoad (6ms)
				ProcessInitializeOnLoadAttributes (64ms)
				ProcessInitializeOnLoadMethodAttributes (22ms)
=======
		EndReloadAssembly (288ms)
			LoadAssemblies (32ms)
			RebuildTransferFunctionScriptingTraits (0ms)
			SetupTypeCache (105ms)
			ReleaseScriptCaches (0ms)
			RebuildScriptCaches (22ms)
			SetupLoadedEditorAssemblies (110ms)
				LogAssemblyErrors (0ms)
				InitializePlatformSupportModulesInManaged (3ms)
				SetLoadedEditorAssemblies (0ms)
				RefreshPlugins (22ms)
				BeforeProcessingInitializeOnLoad (10ms)
				ProcessInitializeOnLoadAttributes (55ms)
				ProcessInitializeOnLoadMethodAttributes (19ms)
>>>>>>> Stashed changes:proyecto desarrollo videojuegos/Logs/AssetImportWorker0-prev.log
				AfterProcessingInitializeOnLoad (0ms)
				EditorAssembliesLoaded (0ms)
			ExecutionOrderSort2 (0ms)
			AwakeInstancesAfterBackupRestoration (0ms)
Platform modules already initialized, skipping
Registering precompiled user dll's ...
<<<<<<< Updated upstream:proyecto desarrollo videojuegos/Logs/AssetImportWorker0.log
Registered in 0.003126 seconds.
=======
Registered in 0.002589 seconds.
>>>>>>> Stashed changes:proyecto desarrollo videojuegos/Logs/AssetImportWorker0-prev.log
Begin MonoManager ReloadAssembly
Native extension for WindowsStandalone target not found
Refreshing native plugins compatible for Editor in 0.30 ms, found 2 plugins.
Preloading 0 native plugins for Editor in 0.00 ms.
Mono: successfully reloaded assembly
<<<<<<< Updated upstream:proyecto desarrollo videojuegos/Logs/AssetImportWorker0.log
- Completed reload, in  0.760 seconds
Domain Reload Profiling:
	ReloadAssembly (761ms)
		BeginReloadAssembly (110ms)
=======
- Completed reload, in  0.680 seconds
Domain Reload Profiling:
	ReloadAssembly (680ms)
		BeginReloadAssembly (97ms)
>>>>>>> Stashed changes:proyecto desarrollo videojuegos/Logs/AssetImportWorker0-prev.log
			ExecutionOrderSort (0ms)
			DisableScriptedObjects (3ms)
			BackupInstance (0ms)
			ReleaseScriptingObjects (0ms)
<<<<<<< Updated upstream:proyecto desarrollo videojuegos/Logs/AssetImportWorker0.log
			CreateAndSetChildDomain (14ms)
		EndReloadAssembly (604ms)
			LoadAssemblies (64ms)
			RebuildTransferFunctionScriptingTraits (0ms)
			SetupTypeCache (215ms)
			ReleaseScriptCaches (0ms)
			RebuildScriptCaches (33ms)
			SetupLoadedEditorAssemblies (220ms)
=======
			CreateAndSetChildDomain (15ms)
		EndReloadAssembly (539ms)
			LoadAssemblies (59ms)
			RebuildTransferFunctionScriptingTraits (0ms)
			SetupTypeCache (186ms)
			ReleaseScriptCaches (0ms)
			RebuildScriptCaches (29ms)
			SetupLoadedEditorAssemblies (204ms)
>>>>>>> Stashed changes:proyecto desarrollo videojuegos/Logs/AssetImportWorker0-prev.log
				LogAssemblyErrors (0ms)
				InitializePlatformSupportModulesInManaged (4ms)
				SetLoadedEditorAssemblies (0ms)
				RefreshPlugins (0ms)
<<<<<<< Updated upstream:proyecto desarrollo videojuegos/Logs/AssetImportWorker0.log
				BeforeProcessingInitializeOnLoad (42ms)
				ProcessInitializeOnLoadAttributes (161ms)
=======
				BeforeProcessingInitializeOnLoad (61ms)
				ProcessInitializeOnLoadAttributes (128ms)
>>>>>>> Stashed changes:proyecto desarrollo videojuegos/Logs/AssetImportWorker0-prev.log
				ProcessInitializeOnLoadMethodAttributes (7ms)
				AfterProcessingInitializeOnLoad (4ms)
				EditorAssembliesLoaded (0ms)
			ExecutionOrderSort2 (0ms)
			AwakeInstancesAfterBackupRestoration (4ms)
Platform modules already initialized, skipping
========================================================================
Worker process is ready to serve import requests
Launched and connected shader compiler UnityShaderCompiler.exe after 0.04 seconds
Refreshing native plugins compatible for Editor in 0.26 ms, found 2 plugins.
Preloading 0 native plugins for Editor in 0.00 ms.
Unloading 1500 Unused Serialized files (Serialized files now loaded: 0)
System memory in use before: 67.5 MB.
System memory in use after: 67.6 MB.

Unloading 19 unused Assets to reduce memory usage. Loaded Objects now: 1932.
<<<<<<< Updated upstream:proyecto desarrollo videojuegos/Logs/AssetImportWorker0.log
Total: 2.082900 ms (FindLiveObjects: 0.107400 ms CreateObjectMapping: 0.031700 ms MarkObjects: 1.896900 ms  DeleteObjects: 0.046300 ms)
=======
Total: 2.208600 ms (FindLiveObjects: 0.121000 ms CreateObjectMapping: 0.028300 ms MarkObjects: 1.991000 ms  DeleteObjects: 0.067300 ms)
>>>>>>> Stashed changes:proyecto desarrollo videojuegos/Logs/AssetImportWorker0-prev.log

AssetImportParameters requested are different than current active one (requested -> active):
  custom:framework-win-MediaFoundation: 216162199b28c13a410421893ffa2e32 -> 
  custom:video-decoder-ogg-theora: a1e56fd34408186e4bbccfd4996cb3dc -> 
  custom:container-muxer-webm: aa71ff27fc2769a1b78a27578f13a17b -> 
  custom:container-demuxer-webm: 4f35f7cbe854078d1ac9338744f61a02 -> 
  custom:container-demuxer-ogg: 62fdf1f143b41e24485cea50d1cbac27 -> 
  custom:video-encoder-webm-vp8: eb34c28f22e8b96e1ab97ce403110664 -> 
  custom:video-codec-MediaFoundation-h265: 746d11721c4dcdbdad8f713fa42b33f4 -> 
  custom:video-decoder-webm-vp8: 9c59270c3fd7afecdb556c50c9e8de78 -> 
  custom:audio-decoder-ogg-vorbis: bf7c407c2cedff20999df2af8eb42d56 -> 
  custom:audio-encoder-webm-vorbis: bf7c407c2cedff20999df2af8eb42d56 -> 
========================================================================
Received Import Request.
<<<<<<< Updated upstream:proyecto desarrollo videojuegos/Logs/AssetImportWorker0.log
  path: Assets
  artifactKey: Guid(00000000000000001000000000000000) Importer(815301076,1909f56bfc062723c751e8b465ee728b)
Start importing Assets using Guid(00000000000000001000000000000000) Importer(815301076,1909f56bfc062723c751e8b465ee728b)  -> (artifact id: '42d402b061de3733987d63b9cc3b64de') in 0.006161 seconds 
  Import took 0.007863 seconds .

========================================================================
Received Import Request.
  Time since last request: 3.744859 seconds.
  path: Assets/Modelos
  artifactKey: Guid(4d180b92735de5741b5d986b9c6d92a5) Importer(815301076,1909f56bfc062723c751e8b465ee728b)
Start importing Assets/Modelos using Guid(4d180b92735de5741b5d986b9c6d92a5) Importer(815301076,1909f56bfc062723c751e8b465ee728b)  -> (artifact id: '7975fea258ed0c93559f7fabcbda8b0f') in 0.005494 seconds 
  Import took 0.007344 seconds .
=======
  path: Assets/Scenes/puerta.fbx
  artifactKey: Guid(83ffe71ac36fae049abaa7ad99839b16) Importer(815301076,1909f56bfc062723c751e8b465ee728b)
Start importing Assets/Scenes/puerta.fbx using Guid(83ffe71ac36fae049abaa7ad99839b16) Importer(815301076,1909f56bfc062723c751e8b465ee728b)  -> (artifact id: '9dea5ffa74bf2f21e8f102444c6bde0c') in 0.164868 seconds 
  Import took 0.167498 seconds .

========================================================================
Received Import Request.
  Time since last request: 1978.844668 seconds.
  path: Assets/Scenes/ventana.fbx
  artifactKey: Guid(3df83c86ad3a6e74a81ae9f04fec1972) Importer(815301076,1909f56bfc062723c751e8b465ee728b)
Start importing Assets/Scenes/ventana.fbx using Guid(3df83c86ad3a6e74a81ae9f04fec1972) Importer(815301076,1909f56bfc062723c751e8b465ee728b)  -> (artifact id: '83033a28e583b61fdef126c2cc4dd1a4') in 0.072479 seconds 
  Import took 0.076314 seconds .

========================================================================
Received Import Request.
  Time since last request: 146.922791 seconds.
  path: Assets/Scenes/ventana.fbx
  artifactKey: Guid(3df83c86ad3a6e74a81ae9f04fec1972) Importer(815301076,1909f56bfc062723c751e8b465ee728b)
Start importing Assets/Scenes/ventana.fbx using Guid(3df83c86ad3a6e74a81ae9f04fec1972) Importer(815301076,1909f56bfc062723c751e8b465ee728b)  -> (artifact id: 'c32b7ed7f71a039d39fc8699366add73') in 0.048494 seconds 
  Import took 0.051851 seconds .
>>>>>>> Stashed changes:proyecto desarrollo videojuegos/Logs/AssetImportWorker0-prev.log

AssetImportWorkerClient::OnTransportError - code=2 error=End of file
